# JRE version: OpenJDK Runtime Environment Temurin-21.0.8+9 (21.0.8+9) (build 21.0.8+9-LTS)
# Java VM: OpenJDK 64-Bit Server VM Temurin-21.0.8+9 (21.0.8+9-LTS, mixed mode, sharing, tiered, compressed oops, compressed class ptrs, parallel gc, windows-amd64)
GC Precious Log:
 CardTable entry size: 512
 CPUs: 8 total, 8 available
 Memory: 6030M
 Large Page Support: Disabled
 NUMA Support: Disabled
 Compressed Oops: Enabled (32-bit)
 Alignments: Space 512K, Generation 512K, Heap 2M
 Heap Min Capacity: 100M
 Heap Initial Capacity: 100M
 Heap Max Capacity: 2G
 Pre-touch: Disabled
 Parallel Workers: 8
Heap:
 PSYoungGen      total 60928K, used 48194K [0x00000000d5580000, 0x00000000da200000, 0x0000000100000000)
  eden space 56832K, 77% used [0x00000000d5580000,0x00000000d8094330,0x00000000d8d00000)
  from space 4096K, 99% used [0x00000000d9c80000,0x00000000da07c860,0x00000000da080000)
  to   space 1536K, 0% used [0x00000000da080000,0x00000000da080000,0x00000000da200000)
 ParOldGen       total 1185280K, used 539960K [0x0000000080000000, 0x00000000c8580000, 0x00000000d5580000)
  object space 1185280K, 45% used [0x0000000080000000,0x00000000a0f4e2c8,0x00000000c8580000)
 Metaspace       used 99468K, committed 101312K, reserved 1179648K
  class space    used 9997K, committed 10880K, reserved 1048576K
GC Heap History (20 events):
Event: 595.112 GC heap before
{Heap before GC invocations=3142 (full 6):
 PSYoungGen      total 38400K, used 36407K [0x00000000d5580000, 0x00000000d8280000, 0x0000000100000000)
  eden space 32768K, 100% used [0x00000000d5580000,0x00000000d7580000,0x00000000d7580000)
  from space 5632K, 64% used [0x00000000d7580000,0x00000000d790df48,0x00000000d7b00000)
  to   space 4608K, 0% used [0x00000000d7e00000,0x00000000d7e00000,0x00000000d8280000)
 ParOldGen       total 1185280K, used 453089K [0x0000000080000000, 0x00000000c8580000, 0x00000000d5580000)
  object space 1185280K, 38% used [0x0000000080000000,0x000000009ba78648,0x00000000c8580000)
 Metaspace       used 99361K, committed 101248K, reserved 1179648K
  class space    used 9997K, committed 10880K, reserved 1048576K
}
Event: 595.154 GC heap after
{Heap after GC invocations=3142 (full 6):
 PSYoungGen      total 41472K, used 4236K [0x00000000d5580000, 0x00000000d8500000, 0x0000000100000000)
  eden space 36864K, 0% used [0x00000000d5580000,0x00000000d5580000,0x00000000d7980000)
  from space 4608K, 91% used [0x00000000d7e00000,0x00000000d8223178,0x00000000d8280000)
  to   space 4608K, 0% used [0x00000000d7980000,0x00000000d7980000,0x00000000d7e00000)
 ParOldGen       total 1185280K, used 456523K [0x0000000080000000, 0x00000000c8580000, 0x00000000d5580000)
  object space 1185280K, 38% used [0x0000000080000000,0x000000009bdd2d90,0x00000000c8580000)
 Metaspace       used 99361K, committed 101248K, reserved 1179648K
  class space    used 9997K, committed 10880K, reserved 1048576K
}
Event: 595.545 GC heap before
{Heap before GC invocations=3143 (full 6):
 PSYoungGen      total 41472K, used 41100K [0x00000000d5580000, 0x00000000d8500000, 0x0000000100000000)
  eden space 36864K, 100% used [0x00000000d5580000,0x00000000d7980000,0x00000000d7980000)
  from space 4608K, 91% used [0x00000000d7e00000,0x00000000d8223178,0x00000000d8280000)
  to   space 4608K, 0% used [0x00000000d7980000,0x00000000d7980000,0x00000000d7e00000)
 ParOldGen       total 1185280K, used 456523K [0x0000000080000000, 0x00000000c8580000, 0x00000000d5580000)
  object space 1185280K, 38% used [0x0000000080000000,0x000000009bdd2d90,0x00000000c8580000)
 Metaspace       used 99362K, committed 101248K, reserved 1179648K
  class space    used 9997K, committed 10880K, reserved 1048576K
}
Event: 595.621 GC heap after
{Heap after GC invocations=3143 (full 6):
 PSYoungGen      total 41472K, used 4576K [0x00000000d5580000, 0x00000000d9400000, 0x0000000100000000)
  eden space 36864K, 0% used [0x00000000d5580000,0x00000000d5580000,0x00000000d7980000)
  from space 4608K, 99% used [0x00000000d7980000,0x00000000d7df8070,0x00000000d7e00000)
  to   space 9728K, 0% used [0x00000000d8a80000,0x00000000d8a80000,0x00000000d9400000)
 ParOldGen       total 1185280K, used 460804K [0x0000000080000000, 0x00000000c8580000, 0x00000000d5580000)
  object space 1185280K, 38% used [0x0000000080000000,0x000000009c201008,0x00000000c8580000)
 Metaspace       used 99362K, committed 101248K, reserved 1179648K
  class space    used 9997K, committed 10880K, reserved 1048576K
}
Event: 597.756 GC heap before
{Heap before GC invocations=3144 (full 6):
 PSYoungGen      total 41472K, used 41440K [0x00000000d5580000, 0x00000000d9400000, 0x0000000100000000)
  eden space 36864K, 100% used [0x00000000d5580000,0x00000000d7980000,0x00000000d7980000)
  from space 4608K, 99% used [0x00000000d7980000,0x00000000d7df8070,0x00000000d7e00000)
  to   space 9728K, 0% used [0x00000000d8a80000,0x00000000d8a80000,0x00000000d9400000)
 ParOldGen       total 1185280K, used 460804K [0x0000000080000000, 0x00000000c8580000, 0x00000000d5580000)
  object space 1185280K, 38% used [0x0000000080000000,0x000000009c201008,0x00000000c8580000)
 Metaspace       used 99384K, committed 101248K, reserved 1179648K
  class space    used 9997K, committed 10880K, reserved 1048576K
}
Event: 597.819 GC heap after
{Heap after GC invocations=3144 (full 6):
 PSYoungGen      total 45568K, used 9723K [0x00000000d5580000, 0x00000000d9a80000, 0x0000000100000000)
  eden space 35840K, 0% used [0x00000000d5580000,0x00000000d5580000,0x00000000d7880000)
  from space 9728K, 99% used [0x00000000d8a80000,0x00000000d93fec60,0x00000000d9400000)
  to   space 17408K, 0% used [0x00000000d7880000,0x00000000d7880000,0x00000000d8980000)
 ParOldGen       total 1185280K, used 466985K [0x0000000080000000, 0x00000000c8580000, 0x00000000d5580000)
  object space 1185280K, 39% used [0x0000000080000000,0x000000009c80a7d0,0x00000000c8580000)
 Metaspace       used 99384K, committed 101248K, reserved 1179648K
  class space    used 9997K, committed 10880K, reserved 1048576K
}
Event: 598.006 GC heap before
{Heap before GC invocations=3145 (full 6):
 PSYoungGen      total 45568K, used 45563K [0x00000000d5580000, 0x00000000d9a80000, 0x0000000100000000)
  eden space 35840K, 100% used [0x00000000d5580000,0x00000000d7880000,0x00000000d7880000)
  from space 9728K, 99% used [0x00000000d8a80000,0x00000000d93fec60,0x00000000d9400000)
  to   space 17408K, 0% used [0x00000000d7880000,0x00000000d7880000,0x00000000d8980000)
 ParOldGen       total 1185280K, used 466985K [0x0000000080000000, 0x00000000c8580000, 0x00000000d5580000)
  object space 1185280K, 39% used [0x0000000080000000,0x000000009c80a7d0,0x00000000c8580000)
 Metaspace       used 99385K, committed 101248K, reserved 1179648K
  class space    used 9997K, committed 10880K, reserved 1048576K
}
Event: 598.115 GC heap after
{Heap after GC invocations=3145 (full 6):
 PSYoungGen      total 53248K, used 17407K [0x00000000d5580000, 0x00000000dc180000, 0x0000000100000000)
  eden space 35840K, 0% used [0x00000000d5580000,0x00000000d5580000,0x00000000d7880000)
  from space 17408K, 99% used [0x00000000d7880000,0x00000000d897fc08,0x00000000d8980000)
  to   space 33792K, 0% used [0x00000000da080000,0x00000000da080000,0x00000000dc180000)
 ParOldGen       total 1185280K, used 480157K [0x0000000080000000, 0x00000000c8580000, 0x00000000d5580000)
  object space 1185280K, 40% used [0x0000000080000000,0x000000009d4e7448,0x00000000c8580000)
 Metaspace       used 99385K, committed 101248K, reserved 1179648K
  class space    used 9997K, committed 10880K, reserved 1048576K
}
Event: 598.396 GC heap before
{Heap before GC invocations=3146 (full 6):
 PSYoungGen      total 53248K, used 53247K [0x00000000d5580000, 0x00000000dc180000, 0x0000000100000000)
  eden space 35840K, 100% used [0x00000000d5580000,0x00000000d7880000,0x00000000d7880000)
  from space 17408K, 99% used [0x00000000d7880000,0x00000000d897fc08,0x00000000d8980000)
  to   space 33792K, 0% used [0x00000000da080000,0x00000000da080000,0x00000000dc180000)
 ParOldGen       total 1185280K, used 480157K [0x0000000080000000, 0x00000000c8580000, 0x00000000d5580000)
  object space 1185280K, 40% used [0x0000000080000000,0x000000009d4e7448,0x00000000c8580000)
 Metaspace       used 99396K, committed 101248K, reserved 1179648K
  class space    used 9997K, committed 10880K, reserved 1048576K
}
Event: 598.530 GC heap after
{Heap after GC invocations=3146 (full 6):
 PSYoungGen      total 53248K, used 9785K [0x00000000d5580000, 0x00000000daa80000, 0x0000000100000000)
  eden space 43008K, 0% used [0x00000000d5580000,0x00000000d5580000,0x00000000d7f80000)
  from space 10240K, 95% used [0x00000000da080000,0x00000000daa0e7b8,0x00000000daa80000)
  to   space 17408K, 0% used [0x00000000d8880000,0x00000000d8880000,0x00000000d9980000)
 ParOldGen       total 1185280K, used 497109K [0x0000000080000000, 0x00000000c8580000, 0x00000000d5580000)
  object space 1185280K, 41% used [0x0000000080000000,0x000000009e575598,0x00000000c8580000)
 Metaspace       used 99396K, committed 101248K, reserved 1179648K
  class space    used 9997K, committed 10880K, reserved 1048576K
}
Event: 599.363 GC heap before
{Heap before GC invocations=3147 (full 6):
 PSYoungGen      total 53248K, used 52793K [0x00000000d5580000, 0x00000000daa80000, 0x0000000100000000)
  eden space 43008K, 99% used [0x00000000d5580000,0x00000000d7f7ffe8,0x00000000d7f80000)
  from space 10240K, 95% used [0x00000000da080000,0x00000000daa0e7b8,0x00000000daa80000)
  to   space 17408K, 0% used [0x00000000d8880000,0x00000000d8880000,0x00000000d9980000)
 ParOldGen       total 1185280K, used 497109K [0x0000000080000000, 0x00000000c8580000, 0x00000000d5580000)
  object space 1185280K, 41% used [0x0000000080000000,0x000000009e575598,0x00000000c8580000)
 Metaspace       used 99424K, committed 101248K, reserved 1179648K
  class space    used 9997K, committed 10880K, reserved 1048576K
}
Event: 599.561 GC heap after
{Heap after GC invocations=3147 (full 6):
 PSYoungGen      total 69120K, used 17381K [0x00000000d5580000, 0x00000000dcb00000, 0x0000000100000000)
  eden space 51712K, 0% used [0x00000000d5580000,0x00000000d5580000,0x00000000d8800000)
  from space 17408K, 99% used [0x00000000d8880000,0x00000000d99796a8,0x00000000d9980000)
  to   space 34304K, 0% used [0x00000000da980000,0x00000000da980000,0x00000000dcb00000)
 ParOldGen       total 1185280K, used 509971K [0x0000000080000000, 0x00000000c8580000, 0x00000000d5580000)
  object space 1185280K, 43% used [0x0000000080000000,0x000000009f204f88,0x00000000c8580000)
 Metaspace       used 99424K, committed 101248K, reserved 1179648K
  class space    used 9997K, committed 10880K, reserved 1048576K
}
Event: 600.681 GC heap before
{Heap before GC invocations=3148 (full 6):
 PSYoungGen      total 69120K, used 69050K [0x00000000d5580000, 0x00000000dcb00000, 0x0000000100000000)
  eden space 51712K, 99% used [0x00000000d5580000,0x00000000d87f5520,0x00000000d8800000)
  from space 17408K, 99% used [0x00000000d8880000,0x00000000d99796a8,0x00000000d9980000)
  to   space 34304K, 0% used [0x00000000da980000,0x00000000da980000,0x00000000dcb00000)
 ParOldGen       total 1185280K, used 509971K [0x0000000080000000, 0x00000000c8580000, 0x00000000d5580000)
  object space 1185280K, 43% used [0x0000000080000000,0x000000009f204f88,0x00000000c8580000)
 Metaspace       used 99433K, committed 101312K, reserved 1179648K
  class space    used 9997K, committed 10880K, reserved 1048576K
}
Event: 600.832 GC heap after
{Heap after GC invocations=3148 (full 6):
 PSYoungGen      total 79872K, used 14805K [0x00000000d5580000, 0x00000000dba80000, 0x0000000100000000)
  eden space 62464K, 0% used [0x00000000d5580000,0x00000000d5580000,0x00000000d9280000)
  from space 17408K, 85% used [0x00000000da980000,0x00000000db7f57d8,0x00000000dba80000)
  to   space 20480K, 0% used [0x00000000d9280000,0x00000000d9280000,0x00000000da680000)
 ParOldGen       total 1185280K, used 526519K [0x0000000080000000, 0x00000000c8580000, 0x00000000d5580000)
  object space 1185280K, 44% used [0x0000000080000000,0x00000000a022dc10,0x00000000c8580000)
 Metaspace       used 99433K, committed 101312K, reserved 1179648K
  class space    used 9997K, committed 10880K, reserved 1048576K
}
Event: 602.195 GC heap before
{Heap before GC invocations=3149 (full 6):
 PSYoungGen      total 79872K, used 77269K [0x00000000d5580000, 0x00000000dba80000, 0x0000000100000000)
  eden space 62464K, 99% used [0x00000000d5580000,0x00000000d927ffe8,0x00000000d9280000)
  from space 17408K, 85% used [0x00000000da980000,0x00000000db7f57d8,0x00000000dba80000)
  to   space 20480K, 0% used [0x00000000d9280000,0x00000000d9280000,0x00000000da680000)
 ParOldGen       total 1185280K, used 526519K [0x0000000080000000, 0x00000000c8580000, 0x00000000d5580000)
  object space 1185280K, 44% used [0x0000000080000000,0x00000000a022dc10,0x00000000c8580000)
 Metaspace       used 99442K, committed 101312K, reserved 1179648K
  class space    used 9997K, committed 10880K, reserved 1048576K
}
Event: 602.265 GC heap after
{Heap after GC invocations=3149 (full 6):
 PSYoungGen      total 63488K, used 3052K [0x00000000d5580000, 0x00000000daa00000, 0x0000000100000000)
  eden space 60416K, 0% used [0x00000000d5580000,0x00000000d5580000,0x00000000d9080000)
  from space 3072K, 99% used [0x00000000d9280000,0x00000000d957b128,0x00000000d9580000)
  to   space 8704K, 0% used [0x00000000da180000,0x00000000da180000,0x00000000daa00000)
 ParOldGen       total 1185280K, used 534268K [0x0000000080000000, 0x00000000c8580000, 0x00000000d5580000)
  object space 1185280K, 45% used [0x0000000080000000,0x00000000a09bf170,0x00000000c8580000)
 Metaspace       used 99442K, committed 101312K, reserved 1179648K
  class space    used 9997K, committed 10880K, reserved 1048576K
}
Event: 602.911 GC heap before
{Heap before GC invocations=3150 (full 6):
 PSYoungGen      total 63488K, used 63468K [0x00000000d5580000, 0x00000000daa00000, 0x0000000100000000)
  eden space 60416K, 99% used [0x00000000d5580000,0x00000000d907fff0,0x00000000d9080000)
  from space 3072K, 99% used [0x00000000d9280000,0x00000000d957b128,0x00000000d9580000)
  to   space 8704K, 0% used [0x00000000da180000,0x00000000da180000,0x00000000daa00000)
 ParOldGen       total 1185280K, used 534268K [0x0000000080000000, 0x00000000c8580000, 0x00000000d5580000)
  object space 1185280K, 45% used [0x0000000080000000,0x00000000a09bf170,0x00000000c8580000)
 Metaspace       used 99456K, committed 101312K, reserved 1179648K
  class space    used 9997K, committed 10880K, reserved 1048576K
}
Event: 602.951 GC heap after
{Heap after GC invocations=3150 (full 6):
 PSYoungGen      total 61440K, used 2810K [0x00000000d5580000, 0x00000000da480000, 0x0000000100000000)
  eden space 58368K, 0% used [0x00000000d5580000,0x00000000d5580000,0x00000000d8e80000)
  from space 3072K, 91% used [0x00000000da180000,0x00000000da43e940,0x00000000da480000)
  to   space 4096K, 0% used [0x00000000d9c80000,0x00000000d9c80000,0x00000000da080000)
 ParOldGen       total 1185280K, used 537149K [0x0000000080000000, 0x00000000c8580000, 0x00000000d5580000)
  object space 1185280K, 45% used [0x0000000080000000,0x00000000a0c8f608,0x00000000c8580000)
 Metaspace       used 99456K, committed 101312K, reserved 1179648K
  class space    used 9997K, committed 10880K, reserved 1048576K
}
Event: 603.328 GC heap before
{Heap before GC invocations=3151 (full 6):
 PSYoungGen      total 61440K, used 61178K [0x00000000d5580000, 0x00000000da480000, 0x0000000100000000)
  eden space 58368K, 100% used [0x00000000d5580000,0x00000000d8e80000,0x00000000d8e80000)
  from space 3072K, 91% used [0x00000000da180000,0x00000000da43e940,0x00000000da480000)
  to   space 4096K, 0% used [0x00000000d9c80000,0x00000000d9c80000,0x00000000da080000)
 ParOldGen       total 1185280K, used 537149K [0x0000000080000000, 0x00000000c8580000, 0x00000000d5580000)
  object space 1185280K, 45% used [0x0000000080000000,0x00000000a0c8f608,0x00000000c8580000)
 Metaspace       used 99464K, committed 101312K, reserved 1179648K
  class space    used 9997K, committed 10880K, reserved 1048576K
}
Event: 603.367 GC heap after
{Heap after GC invocations=3151 (full 6):
 PSYoungGen      total 60928K, used 4082K [0x00000000d5580000, 0x00000000da200000, 0x0000000100000000)
  eden space 56832K, 0% used [0x00000000d5580000,0x00000000d5580000,0x00000000d8d00000)
  from space 4096K, 99% used [0x00000000d9c80000,0x00000000da07c860,0x00000000da080000)
  to   space 1536K, 0% used [0x00000000da080000,0x00000000da080000,0x00000000da200000)
 ParOldGen       total 1185280K, used 539960K [0x0000000080000000, 0x00000000c8580000, 0x00000000d5580000)
  object space 1185280K, 45% used [0x0000000080000000,0x00000000a0f4e2c8,0x00000000c8580000)
 Metaspace       used 99464K, committed 101312K, reserved 1179648K
  class space    used 9997K, committed 10880K, reserved 1048576K
}

