# JRE version: OpenJDK Runtime Environment Temurin-21.0.9+10 (21.0.9+10) (build 21.0.9+10-LTS)
# Java VM: OpenJDK 64-Bit Server VM Temurin-21.0.9+10 (21.0.9+10-LTS, mixed mode, sharing, tiered, compressed oops, compressed class ptrs, parallel gc, windows-amd64)
GC Precious Log:
 CardTable entry size: 512
 CPUs: 8 total, 8 available
 Memory: 6030M
 Large Page Support: Disabled
 NUMA Support: Disabled
 Compressed Oops: Enabled (32-bit)
 Alignments: Space 512K, Generation 512K, Heap 2M
 Heap Min Capacity: 100M
 Heap Initial Capacity: 100M
 Heap Max Capacity: 2G
 Pre-touch: Disabled
 Parallel Workers: 8
Heap:
 PSYoungGen      total 16896K, used 8862K [0x00000000d5580000, 0x00000000d6a00000, 0x0000000100000000)
  eden space 12288K, 44% used [0x00000000d5580000,0x00000000d5adb930,0x00000000d6180000)
  from space 4608K, 73% used [0x00000000d6500000,0x00000000d684c020,0x00000000d6980000)
  to   space 3584K, 0% used [0x00000000d6180000,0x00000000d6180000,0x00000000d6500000)
 ParOldGen       total 912896K, used 912626K [0x0000000080000000, 0x00000000b7b80000, 0x00000000d5580000)
  object space 912896K, 99% used [0x0000000080000000,0x00000000b7b3ca20,0x00000000b7b80000)
 Metaspace       used 75190K, committed 76736K, reserved 1179648K
  class space    used 7671K, committed 8320K, reserved 1048576K
GC Heap History (20 events):
Event: 255.317 GC heap after
{Heap after GC invocations=2405 (full 4):
 PSYoungGen      total 15360K, used 1024K [0x00000000d5580000, 0x00000000d6880000, 0x0000000100000000)
  eden space 14336K, 0% used [0x00000000d5580000,0x00000000d5580000,0x00000000d6380000)
  from space 1024K, 100% used [0x00000000d6580000,0x00000000d6680000,0x00000000d6680000)
  to   space 2048K, 0% used [0x00000000d6380000,0x00000000d6380000,0x00000000d6580000)
 ParOldGen       total 888832K, used 888579K [0x0000000080000000, 0x00000000b6400000, 0x00000000d5580000)
  object space 888832K, 99% used [0x0000000080000000,0x00000000b63c0ee0,0x00000000b6400000)
 Metaspace       used 75112K, committed 76672K, reserved 1179648K
  class space    used 7668K, committed 8320K, reserved 1048576K
}
Event: 256.032 GC heap before
{Heap before GC invocations=2406 (full 4):
 PSYoungGen      total 15360K, used 15360K [0x00000000d5580000, 0x00000000d6880000, 0x0000000100000000)
  eden space 14336K, 100% used [0x00000000d5580000,0x00000000d6380000,0x00000000d6380000)
  from space 1024K, 100% used [0x00000000d6580000,0x00000000d6680000,0x00000000d6680000)
  to   space 2048K, 0% used [0x00000000d6380000,0x00000000d6380000,0x00000000d6580000)
 ParOldGen       total 888832K, used 888579K [0x0000000080000000, 0x00000000b6400000, 0x00000000d5580000)
  object space 888832K, 99% used [0x0000000080000000,0x00000000b63c0ee0,0x00000000b6400000)
 Metaspace       used 75119K, committed 76672K, reserved 1179648K
  class space    used 7668K, committed 8320K, reserved 1048576K
}
Event: 256.058 GC heap after
{Heap after GC invocations=2406 (full 4):
 PSYoungGen      total 16384K, used 2032K [0x00000000d5580000, 0x00000000d6d80000, 0x0000000100000000)
  eden space 14336K, 0% used [0x00000000d5580000,0x00000000d5580000,0x00000000d6380000)
  from space 2048K, 99% used [0x00000000d6380000,0x00000000d657c020,0x00000000d6580000)
  to   space 5120K, 0% used [0x00000000d6880000,0x00000000d6880000,0x00000000d6d80000)
 ParOldGen       total 890880K, used 890879K [0x0000000080000000, 0x00000000b6600000, 0x00000000d5580000)
  object space 890880K, 99% used [0x0000000080000000,0x00000000b65ffdb0,0x00000000b6600000)
 Metaspace       used 75119K, committed 76672K, reserved 1179648K
  class space    used 7668K, committed 8320K, reserved 1048576K
}
Event: 256.561 GC heap before
{Heap before GC invocations=2407 (full 4):
 PSYoungGen      total 16384K, used 16368K [0x00000000d5580000, 0x00000000d6d80000, 0x0000000100000000)
  eden space 14336K, 100% used [0x00000000d5580000,0x00000000d6380000,0x00000000d6380000)
  from space 2048K, 99% used [0x00000000d6380000,0x00000000d657c020,0x00000000d6580000)
  to   space 5120K, 0% used [0x00000000d6880000,0x00000000d6880000,0x00000000d6d80000)
 ParOldGen       total 890880K, used 890879K [0x0000000080000000, 0x00000000b6600000, 0x00000000d5580000)
  object space 890880K, 99% used [0x0000000080000000,0x00000000b65ffdb0,0x00000000b6600000)
 Metaspace       used 75132K, committed 76736K, reserved 1179648K
  class space    used 7668K, committed 8320K, reserved 1048576K
}
Event: 256.574 GC heap after
{Heap after GC invocations=2407 (full 4):
 PSYoungGen      total 17920K, used 3313K [0x00000000d5580000, 0x00000000d6c00000, 0x0000000100000000)
  eden space 14336K, 0% used [0x00000000d5580000,0x00000000d5580000,0x00000000d6380000)
  from space 3584K, 92% used [0x00000000d6880000,0x00000000d6bbc6b0,0x00000000d6c00000)
  to   space 4096K, 0% used [0x00000000d6400000,0x00000000d6400000,0x00000000d6800000)
 ParOldGen       total 892928K, used 892842K [0x0000000080000000, 0x00000000b6800000, 0x00000000d5580000)
  object space 892928K, 99% used [0x0000000080000000,0x00000000b67eaa58,0x00000000b6800000)
 Metaspace       used 75132K, committed 76736K, reserved 1179648K
  class space    used 7668K, committed 8320K, reserved 1048576K
}
Event: 256.935 GC heap before
{Heap before GC invocations=2408 (full 4):
 PSYoungGen      total 17920K, used 17649K [0x00000000d5580000, 0x00000000d6c00000, 0x0000000100000000)
  eden space 14336K, 100% used [0x00000000d5580000,0x00000000d6380000,0x00000000d6380000)
  from space 3584K, 92% used [0x00000000d6880000,0x00000000d6bbc6b0,0x00000000d6c00000)
  to   space 4096K, 0% used [0x00000000d6400000,0x00000000d6400000,0x00000000d6800000)
 ParOldGen       total 892928K, used 892842K [0x0000000080000000, 0x00000000b6800000, 0x00000000d5580000)
  object space 892928K, 99% used [0x0000000080000000,0x00000000b67eaa58,0x00000000b6800000)
 Metaspace       used 75147K, committed 76736K, reserved 1179648K
  class space    used 7668K, committed 8320K, reserved 1048576K
}
Event: 256.952 GC heap after
{Heap after GC invocations=2408 (full 4):
 PSYoungGen      total 17920K, used 3375K [0x00000000d5580000, 0x00000000d6a80000, 0x0000000100000000)
  eden space 14336K, 0% used [0x00000000d5580000,0x00000000d5580000,0x00000000d6380000)
  from space 3584K, 94% used [0x00000000d6400000,0x00000000d674be80,0x00000000d6780000)
  to   space 3072K, 0% used [0x00000000d6780000,0x00000000d6780000,0x00000000d6a80000)
 ParOldGen       total 896000K, used 895964K [0x0000000080000000, 0x00000000b6b00000, 0x00000000d5580000)
  object space 896000K, 99% used [0x0000000080000000,0x00000000b6af7148,0x00000000b6b00000)
 Metaspace       used 75147K, committed 76736K, reserved 1179648K
  class space    used 7668K, committed 8320K, reserved 1048576K
}
Event: 257.549 GC heap before
{Heap before GC invocations=2409 (full 4):
 PSYoungGen      total 17920K, used 17711K [0x00000000d5580000, 0x00000000d6a80000, 0x0000000100000000)
  eden space 14336K, 100% used [0x00000000d5580000,0x00000000d6380000,0x00000000d6380000)
  from space 3584K, 94% used [0x00000000d6400000,0x00000000d674be80,0x00000000d6780000)
  to   space 3072K, 0% used [0x00000000d6780000,0x00000000d6780000,0x00000000d6a80000)
 ParOldGen       total 896000K, used 895964K [0x0000000080000000, 0x00000000b6b00000, 0x00000000d5580000)
  object space 896000K, 99% used [0x0000000080000000,0x00000000b6af7148,0x00000000b6b00000)
 Metaspace       used 75157K, committed 76736K, reserved 1179648K
  class space    used 7668K, committed 8320K, reserved 1048576K
}
Event: 257.565 GC heap after
{Heap after GC invocations=2409 (full 4):
 PSYoungGen      total 14336K, used 3040K [0x00000000d5580000, 0x00000000d7180000, 0x0000000100000000)
  eden space 11264K, 0% used [0x00000000d5580000,0x00000000d5580000,0x00000000d6080000)
  from space 3072K, 98% used [0x00000000d6780000,0x00000000d6a78010,0x00000000d6a80000)
  to   space 7168K, 0% used [0x00000000d6080000,0x00000000d6080000,0x00000000d6780000)
 ParOldGen       total 899584K, used 899393K [0x0000000080000000, 0x00000000b6e80000, 0x00000000d5580000)
  object space 899584K, 99% used [0x0000000080000000,0x00000000b6e50508,0x00000000b6e80000)
 Metaspace       used 75157K, committed 76736K, reserved 1179648K
  class space    used 7668K, committed 8320K, reserved 1048576K
}
Event: 257.764 GC heap before
{Heap before GC invocations=2410 (full 4):
 PSYoungGen      total 14336K, used 14304K [0x00000000d5580000, 0x00000000d7180000, 0x0000000100000000)
  eden space 11264K, 100% used [0x00000000d5580000,0x00000000d6080000,0x00000000d6080000)
  from space 3072K, 98% used [0x00000000d6780000,0x00000000d6a78010,0x00000000d6a80000)
  to   space 7168K, 0% used [0x00000000d6080000,0x00000000d6080000,0x00000000d6780000)
 ParOldGen       total 899584K, used 899393K [0x0000000080000000, 0x00000000b6e80000, 0x00000000d5580000)
  object space 899584K, 99% used [0x0000000080000000,0x00000000b6e50508,0x00000000b6e80000)
 Metaspace       used 75169K, committed 76736K, reserved 1179648K
  class space    used 7669K, committed 8320K, reserved 1048576K
}
Event: 257.777 GC heap after
{Heap after GC invocations=2410 (full 4):
 PSYoungGen      total 12288K, used 608K [0x00000000d5580000, 0x00000000d6800000, 0x0000000100000000)
  eden space 11264K, 0% used [0x00000000d5580000,0x00000000d5580000,0x00000000d6080000)
  from space 1024K, 59% used [0x00000000d6080000,0x00000000d6118000,0x00000000d6180000)
  to   space 3072K, 0% used [0x00000000d6500000,0x00000000d6500000,0x00000000d6800000)
 ParOldGen       total 902656K, used 902395K [0x0000000080000000, 0x00000000b7180000, 0x00000000d5580000)
  object space 902656K, 99% used [0x0000000080000000,0x00000000b713eee0,0x00000000b7180000)
 Metaspace       used 75169K, committed 76736K, reserved 1179648K
  class space    used 7669K, committed 8320K, reserved 1048576K
}
Event: 257.987 GC heap before
{Heap before GC invocations=2411 (full 4):
 PSYoungGen      total 12288K, used 11872K [0x00000000d5580000, 0x00000000d6800000, 0x0000000100000000)
  eden space 11264K, 100% used [0x00000000d5580000,0x00000000d6080000,0x00000000d6080000)
  from space 1024K, 59% used [0x00000000d6080000,0x00000000d6118000,0x00000000d6180000)
  to   space 3072K, 0% used [0x00000000d6500000,0x00000000d6500000,0x00000000d6800000)
 ParOldGen       total 902656K, used 902395K [0x0000000080000000, 0x00000000b7180000, 0x00000000d5580000)
  object space 902656K, 99% used [0x0000000080000000,0x00000000b713eee0,0x00000000b7180000)
 Metaspace       used 75170K, committed 76736K, reserved 1179648K
  class space    used 7669K, committed 8320K, reserved 1048576K
}
Event: 257.997 GC heap after
{Heap after GC invocations=2411 (full 4):
 PSYoungGen      total 14336K, used 3040K [0x00000000d5580000, 0x00000000d6980000, 0x0000000100000000)
  eden space 11264K, 0% used [0x00000000d5580000,0x00000000d5580000,0x00000000d6080000)
  from space 3072K, 98% used [0x00000000d6500000,0x00000000d67f8010,0x00000000d6800000)
  to   space 4608K, 0% used [0x00000000d6080000,0x00000000d6080000,0x00000000d6500000)
 ParOldGen       total 903168K, used 903006K [0x0000000080000000, 0x00000000b7200000, 0x00000000d5580000)
  object space 903168K, 99% used [0x0000000080000000,0x00000000b71d78c8,0x00000000b7200000)
 Metaspace       used 75170K, committed 76736K, reserved 1179648K
  class space    used 7669K, committed 8320K, reserved 1048576K
}
Event: 258.250 GC heap before
{Heap before GC invocations=2412 (full 4):
 PSYoungGen      total 14336K, used 14304K [0x00000000d5580000, 0x00000000d6980000, 0x0000000100000000)
  eden space 11264K, 100% used [0x00000000d5580000,0x00000000d6080000,0x00000000d6080000)
  from space 3072K, 98% used [0x00000000d6500000,0x00000000d67f8010,0x00000000d6800000)
  to   space 4608K, 0% used [0x00000000d6080000,0x00000000d6080000,0x00000000d6500000)
 ParOldGen       total 903168K, used 903006K [0x0000000080000000, 0x00000000b7200000, 0x00000000d5580000)
  object space 903168K, 99% used [0x0000000080000000,0x00000000b71d78c8,0x00000000b7200000)
 Metaspace       used 75175K, committed 76736K, reserved 1179648K
  class space    used 7669K, committed 8320K, reserved 1048576K
}
Event: 258.283 GC heap after
{Heap after GC invocations=2412 (full 4):
 PSYoungGen      total 14336K, used 2912K [0x00000000d5580000, 0x00000000d6780000, 0x0000000100000000)
  eden space 11264K, 0% used [0x00000000d5580000,0x00000000d5580000,0x00000000d6080000)
  from space 3072K, 94% used [0x00000000d6080000,0x00000000d6358010,0x00000000d6380000)
  to   space 3584K, 0% used [0x00000000d6400000,0x00000000d6400000,0x00000000d6780000)
 ParOldGen       total 906240K, used 906042K [0x0000000080000000, 0x00000000b7500000, 0x00000000d5580000)
  object space 906240K, 99% used [0x0000000080000000,0x00000000b74ce918,0x00000000b7500000)
 Metaspace       used 75175K, committed 76736K, reserved 1179648K
  class space    used 7669K, committed 8320K, reserved 1048576K
}
Event: 258.607 GC heap before
{Heap before GC invocations=2413 (full 4):
 PSYoungGen      total 14336K, used 14176K [0x00000000d5580000, 0x00000000d6780000, 0x0000000100000000)
  eden space 11264K, 100% used [0x00000000d5580000,0x00000000d6080000,0x00000000d6080000)
  from space 3072K, 94% used [0x00000000d6080000,0x00000000d6358010,0x00000000d6380000)
  to   space 3584K, 0% used [0x00000000d6400000,0x00000000d6400000,0x00000000d6780000)
 ParOldGen       total 906240K, used 906042K [0x0000000080000000, 0x00000000b7500000, 0x00000000d5580000)
  object space 906240K, 99% used [0x0000000080000000,0x00000000b74ce918,0x00000000b7500000)
 Metaspace       used 75179K, committed 76736K, reserved 1179648K
  class space    used 7669K, committed 8320K, reserved 1048576K
}
Event: 258.619 GC heap after
{Heap after GC invocations=2413 (full 4):
 PSYoungGen      total 11776K, used 352K [0x00000000d5580000, 0x00000000d6480000, 0x0000000100000000)
  eden space 11264K, 0% used [0x00000000d5580000,0x00000000d5580000,0x00000000d6080000)
  from space 512K, 68% used [0x00000000d6400000,0x00000000d6458000,0x00000000d6480000)
  to   space 1536K, 0% used [0x00000000d6180000,0x00000000d6180000,0x00000000d6300000)
 ParOldGen       total 909312K, used 908910K [0x0000000080000000, 0x00000000b7800000, 0x00000000d5580000)
  object space 909312K, 99% used [0x0000000080000000,0x00000000b779b9f0,0x00000000b7800000)
 Metaspace       used 75179K, committed 76736K, reserved 1179648K
  class space    used 7669K, committed 8320K, reserved 1048576K
}
Event: 258.769 GC heap before
{Heap before GC invocations=2414 (full 4):
 PSYoungGen      total 11776K, used 11616K [0x00000000d5580000, 0x00000000d6480000, 0x0000000100000000)
  eden space 11264K, 100% used [0x00000000d5580000,0x00000000d6080000,0x00000000d6080000)
  from space 512K, 68% used [0x00000000d6400000,0x00000000d6458000,0x00000000d6480000)
  to   space 1536K, 0% used [0x00000000d6180000,0x00000000d6180000,0x00000000d6300000)
 ParOldGen       total 909312K, used 908910K [0x0000000080000000, 0x00000000b7800000, 0x00000000d5580000)
  object space 909312K, 99% used [0x0000000080000000,0x00000000b779b9f0,0x00000000b7800000)
 Metaspace       used 75189K, committed 76736K, reserved 1179648K
  class space    used 7671K, committed 8320K, reserved 1048576K
}
Event: 258.782 GC heap after
{Heap after GC invocations=2414 (full 4):
 PSYoungGen      total 12800K, used 1504K [0x00000000d5580000, 0x00000000d6980000, 0x0000000100000000)
  eden space 11264K, 0% used [0x00000000d5580000,0x00000000d5580000,0x00000000d6080000)
  from space 1536K, 97% used [0x00000000d6180000,0x00000000d62f8010,0x00000000d6300000)
  to   space 4608K, 0% used [0x00000000d6500000,0x00000000d6500000,0x00000000d6980000)
 ParOldGen       total 911360K, used 911126K [0x0000000080000000, 0x00000000b7a00000, 0x00000000d5580000)
  object space 911360K, 99% used [0x0000000080000000,0x00000000b79c59f0,0x00000000b7a00000)
 Metaspace       used 75189K, committed 76736K, reserved 1179648K
  class space    used 7671K, committed 8320K, reserved 1048576K
}
Event: 259.040 GC heap before
{Heap before GC invocations=2415 (full 4):
 PSYoungGen      total 12800K, used 12768K [0x00000000d5580000, 0x00000000d6980000, 0x0000000100000000)
  eden space 11264K, 100% used [0x00000000d5580000,0x00000000d6080000,0x00000000d6080000)
  from space 1536K, 97% used [0x00000000d6180000,0x00000000d62f8010,0x00000000d6300000)
  to   space 4608K, 0% used [0x00000000d6500000,0x00000000d6500000,0x00000000d6980000)
 ParOldGen       total 911360K, used 911126K [0x0000000080000000, 0x00000000b7a00000, 0x00000000d5580000)
  object space 911360K, 99% used [0x0000000080000000,0x00000000b79c59f0,0x00000000b7a00000)
 Metaspace       used 75190K, committed 76736K, reserved 1179648K
  class space    used 7671K, committed 8320K, reserved 1048576K
}

